[      64ms] [LOG] {name: LCP, value: 376, rating: good, delta: 376, entries: Array(1)} @ http://localhost:3000/_next/static/chunks/node_modules_next_dist_115brz8._.js:2432
[      64ms] [LOG] {name: CLS, value: 0.016411378555798686, rating: good, delta: 0.016411378555798686, entries: Array(1)} @ http://localhost:3000/_next/static/chunks/node_modules_next_dist_115brz8._.js:2432
[     145ms] [INFO] %cDownload the React DevTools for a better development experience: https://react.dev/link/react-devtools font-weight:bold @ http://localhost:3000/_next/static/chunks/node_modules_next_dist_115brz8._.js:2432
[     160ms] [LOG] [HMR] connected @ http://localhost:3000/_next/static/chunks/node_modules_next_dist_115brz8._.js:2432
[     163ms] [LOG] %c%s%c [34mprisma:query[39m background: #e6e6e6;background: light-dark(rgba(0,0,0,0.1), rgba(255,255,255,0.25));color: #000000;color: light-dark(#000000, #ffffff);border-radius: 2px  Server   SELECT "public"."LocalContentProject"."id", "public"."LocalContentProject"."name", "public"."LocalContentProject"."reportingPeriod", "public"."LocalContentProject"."status", "public"."LocalContentProject"."localContentScore", "public"."LocalContentProject"."createdAt" FROM "public"."LocalContentProject" WHERE "public"."LocalContentProject"."organizationId" = $1 ORDER BY "public"."LocalContentProject"."createdAt" DESC OFFSET $2 @ http://localhost:3000/_next/static/chunks/node_modules_next_dist_115brz8._.js:2432
[     179ms] [LOG] {name: FCP, value: 104, rating: good, delta: 104, entries: Array(1)} @ http://localhost:3000/_next/static/chunks/node_modules_next_dist_115brz8._.js:2432
[     179ms] [LOG] {name: TTFB, value: 57.60000002384186, rating: good, delta: 57.60000002384186, entries: Array(1)} @ http://localhost:3000/_next/static/chunks/node_modules_next_dist_115brz8._.js:2432
[   53012ms] [LOG] [Fast Refresh] rebuilding @ http://localhost:3000/_next/static/chunks/node_modules_next_dist_115brz8._.js:2432
[   53106ms] [LOG] [Fast Refresh] done in 195ms @ http://localhost:3000/_next/static/chunks/node_modules_next_dist_115brz8._.js:2432
[   78383ms] [LOG] [Fast Refresh] rebuilding @ http://localhost:3000/_next/static/chunks/node_modules_next_dist_115brz8._.js:2432
[   78435ms] [LOG] [Fast Refresh] done in 164ms @ http://localhost:3000/_next/static/chunks/node_modules_next_dist_115brz8._.js:2432
[   86091ms] [LOG] [Fast Refresh] rebuilding @ http://localhost:3000/_next/static/chunks/node_modules_next_dist_115brz8._.js:2432
[   86143ms] [LOG] [Fast Refresh] done in 166ms @ http://localhost:3000/_next/static/chunks/node_modules_next_dist_115brz8._.js:2432
[  145593ms] [LOG] [HMR] connected @ http://localhost:3000/_next/static/chunks/node_modules_next_dist_115brz8._.js:2432
[  146126ms] [LOG] {name: LCP, value: 420, rating: good, delta: 420, entries: Array(1)} @ http://localhost:3000/_next/static/chunks/node_modules_next_dist_115brz8._.js:2432
[  146126ms] [LOG] {name: CLS, value: 0, rating: good, delta: 0, entries: Array(0)} @ http://localhost:3000/_next/static/chunks/node_modules_next_dist_115brz8._.js:2432
[  146316ms] [INFO] %cDownload the React DevTools for a better development experience: https://react.dev/link/react-devtools font-weight:bold @ http://localhost:3000/_next/static/chunks/node_modules_next_dist_115brz8._.js:2432
[  146331ms] [LOG] [HMR] connected @ http://localhost:3000/_next/static/chunks/node_modules_next_dist_115brz8._.js:2432
[  146347ms] [LOG] {name: FCP, value: 576, rating: good, delta: 576, entries: Array(1)} @ http://localhost:3000/_next/static/chunks/node_modules_next_dist_115brz8._.js:2432
[  146405ms] [LOG] %c%s%c [34mprisma:query[39m background: #e6e6e6;background: light-dark(rgba(0,0,0,0.1), rgba(255,255,255,0.25));color: #000000;color: light-dark(#000000, #ffffff);border-radius: 2px  Server   SELECT "public"."LocalContentProject"."id", "public"."LocalContentProject"."name", "public"."LocalContentProject"."reportingPeriod", "public"."LocalContentProject"."status", "public"."LocalContentProject"."localContentScore", "public"."LocalContentProject"."createdAt" FROM "public"."LocalContentProject" WHERE "public"."LocalContentProject"."organizationId" = $1 ORDER BY "public"."LocalContentProject"."createdAt" DESC OFFSET $2 @ http://localhost:3000/_next/static/chunks/node_modules_next_dist_115brz8._.js:2432
[  146414ms] [LOG] {name: TTFB, value: 529.6000000238419, rating: good, delta: 529.6000000238419, entries: Array(1)} @ http://localhost:3000/_next/static/chunks/node_modules_next_dist_115brz8._.js:2432
