[      62ms] [LOG] {name: LCP, value: 136, rating: good, delta: 136, entries: Array(1)} @ http://localhost:3000/_next/static/chunks/node_modules_next_dist_115brz8._.js:2432
[      62ms] [LOG] {name: CLS, value: 0, rating: good, delta: 0, entries: Array(0)} @ http://localhost:3000/_next/static/chunks/node_modules_next_dist_115brz8._.js:2432
[      63ms] [ERROR] Failed to load resource: the server responded with a status of 404 (Not Found) @ http://localhost:3000/local-content:0
[     103ms] [INFO] %cDownload the React DevTools for a better development experience: https://react.dev/link/react-devtools font-weight:bold @ http://localhost:3000/_next/static/chunks/node_modules_next_dist_115brz8._.js:2432
[     116ms] [LOG] [HMR] connected @ http://localhost:3000/_next/static/chunks/node_modules_next_dist_115brz8._.js:2432
[     134ms] [LOG] {name: FCP, value: 104, rating: good, delta: 104, entries: Array(1)} @ http://localhost:3000/_next/static/chunks/node_modules_next_dist_115brz8._.js:2432
[     135ms] [LOG] {name: TTFB, value: 57, rating: good, delta: 57, entries: Array(1)} @ http://localhost:3000/_next/static/chunks/node_modules_next_dist_115brz8._.js:2432
[   61081ms] [LOG] [Fast Refresh] rebuilding @ http://localhost:3000/_next/static/chunks/node_modules_next_dist_115brz8._.js:2432
[   61168ms] [LOG] [Fast Refresh] done in 151ms @ http://localhost:3000/_next/static/chunks/node_modules_next_dist_115brz8._.js:2432
[   61280ms] [LOG] [Fast Refresh] rebuilding @ http://localhost:3000/_next/static/chunks/node_modules_next_dist_115brz8._.js:2432
[   61943ms] [LOG] [Fast Refresh] done in 768ms @ http://localhost:3000/_next/static/chunks/node_modules_next_dist_115brz8._.js:2432
[   62141ms] [LOG] %c%s%c [34mprisma:query[39m background: #e6e6e6;background: light-dark(rgba(0,0,0,0.1), rgba(255,255,255,0.25));color: #000000;color: light-dark(#000000, #ffffff);border-radius: 2px  Server   SELECT "public"."LocalContentProject"."id", "public"."LocalContentProject"."name", "public"."LocalContentProject"."reportingPeriod", "public"."LocalContentProject"."status", "public"."LocalContentProject"."localContentScore", "public"."LocalContentProject"."createdAt" FROM "public"."LocalContentProject" WHERE "public"."LocalContentProject"."organizationId" = $1 ORDER BY "public"."LocalContentProject"."createdAt" DESC OFFSET $2 @ http://localhost:3000/_next/static/chunks/node_modules_next_dist_115brz8._.js:2432
[   62247ms] [LOG] {name: LCP, value: 104, rating: good, delta: 104, entries: Array(1)} @ http://localhost:3000/_next/static/chunks/node_modules_next_dist_115brz8._.js:2432
[   62247ms] [LOG] {name: CLS, value: 0, rating: good, delta: 0, entries: Array(0)} @ http://localhost:3000/_next/static/chunks/node_modules_next_dist_115brz8._.js:2432
[   62433ms] [INFO] %cDownload the React DevTools for a better development experience: https://react.dev/link/react-devtools font-weight:bold @ http://localhost:3000/_next/static/chunks/node_modules_next_dist_115brz8._.js:2432
[   62450ms] [LOG] [HMR] connected @ http://localhost:3000/_next/static/chunks/node_modules_next_dist_115brz8._.js:2432
[   62454ms] [LOG] %c%s%c [34mprisma:query[39m background: #e6e6e6;background: light-dark(rgba(0,0,0,0.1), rgba(255,255,255,0.25));color: #000000;color: light-dark(#000000, #ffffff);border-radius: 2px  Server   SELECT "public"."LocalContentProject"."id", "public"."LocalContentProject"."name", "public"."LocalContentProject"."reportingPeriod", "public"."LocalContentProject"."status", "public"."LocalContentProject"."localContentScore", "public"."LocalContentProject"."createdAt" FROM "public"."LocalContentProject" WHERE "public"."LocalContentProject"."organizationId" = $1 ORDER BY "public"."LocalContentProject"."createdAt" DESC OFFSET $2 @ http://localhost:3000/_next/static/chunks/node_modules_next_dist_115brz8._.js:2432
[   62473ms] [LOG] {name: FCP, value: 288, rating: good, delta: 288, entries: Array(1)} @ http://localhost:3000/_next/static/chunks/node_modules_next_dist_115brz8._.js:2432
[   62473ms] [LOG] {name: TTFB, value: 212.89999997615814, rating: good, delta: 212.89999997615814, entries: Array(1)} @ http://localhost:3000/_next/static/chunks/node_modules_next_dist_115brz8._.js:2432
[   72421ms] [LOG] [HMR] connected @ http://localhost:3000/_next/static/chunks/node_modules_next_dist_115brz8._.js:2432
[   72964ms] [LOG] {name: LCP, value: 604, rating: good, delta: 604, entries: Array(1)} @ http://localhost:3000/_next/static/chunks/node_modules_next_dist_115brz8._.js:2432
[   72964ms] [LOG] {name: CLS, value: 0, rating: good, delta: 0, entries: Array(0)} @ http://localhost:3000/_next/static/chunks/node_modules_next_dist_115brz8._.js:2432
[   73153ms] [INFO] %cDownload the React DevTools for a better development experience: https://react.dev/link/react-devtools font-weight:bold @ http://localhost:3000/_next/static/chunks/node_modules_next_dist_115brz8._.js:2432
[   73166ms] [LOG] [HMR] connected @ http://localhost:3000/_next/static/chunks/node_modules_next_dist_115brz8._.js:2432
[   73180ms] [LOG] {name: FCP, value: 592, rating: good, delta: 592, entries: Array(1)} @ http://localhost:3000/_next/static/chunks/node_modules_next_dist_115brz8._.js:2432
[   73244ms] [LOG] %c%s%c [34mprisma:query[39m background: #e6e6e6;background: light-dark(rgba(0,0,0,0.1), rgba(255,255,255,0.25));color: #000000;color: light-dark(#000000, #ffffff);border-radius: 2px  Server   SELECT "public"."LocalContentProject"."id", "public"."LocalContentProject"."name", "public"."LocalContentProject"."reportingPeriod", "public"."LocalContentProject"."status", "public"."LocalContentProject"."localContentScore", "public"."LocalContentProject"."createdAt" FROM "public"."LocalContentProject" WHERE "public"."LocalContentProject"."organizationId" = $1 ORDER BY "public"."LocalContentProject"."createdAt" DESC OFFSET $2 @ http://localhost:3000/_next/static/chunks/node_modules_next_dist_115brz8._.js:2432
[   73253ms] [LOG] {name: TTFB, value: 539.5, rating: good, delta: 539.5, entries: Array(1)} @ http://localhost:3000/_next/static/chunks/node_modules_next_dist_115brz8._.js:2432
[   92199ms] [LOG] [Fast Refresh] rebuilding @ http://localhost:3000/_next/static/chunks/node_modules_next_dist_115brz8._.js:2432
[   93027ms] [LOG] [Fast Refresh] done in 931ms @ http://localhost:3000/_next/static/chunks/node_modules_next_dist_115brz8._.js:2432
