[      59ms] [LOG] {name: LCP, value: 92, rating: good, delta: 92, entries: Array(1)} @ http://localhost:3000/_next/static/chunks/node_modules_next_dist_115brz8._.js:2432
[      59ms] [LOG] {name: CLS, value: 0, rating: good, delta: 0, entries: Array(0)} @ http://localhost:3000/_next/static/chunks/node_modules_next_dist_115brz8._.js:2432
[      59ms] [ERROR] Failed to load resource: the server responded with a status of 404 (Not Found) @ http://localhost:3000/assistant:0
[      89ms] [INFO] %cDownload the React DevTools for a better development experience: https://react.dev/link/react-devtools font-weight:bold @ http://localhost:3000/_next/static/chunks/node_modules_next_dist_115brz8._.js:2432
[     102ms] [LOG] [HMR] connected @ http://localhost:3000/_next/static/chunks/node_modules_next_dist_115brz8._.js:2432
[     122ms] [LOG] {name: FCP, value: 84, rating: good, delta: 84, entries: Array(1)} @ http://localhost:3000/_next/static/chunks/node_modules_next_dist_115brz8._.js:2432
[     123ms] [LOG] {name: TTFB, value: 50.39999997615814, rating: good, delta: 50.39999997615814, entries: Array(1)} @ http://localhost:3000/_next/static/chunks/node_modules_next_dist_115brz8._.js:2432
[  102716ms] [LOG] [Fast Refresh] rebuilding @ http://localhost:3000/_next/static/chunks/node_modules_next_dist_115brz8._.js:2432
[  102733ms] [LOG] [Fast Refresh] done in 59ms @ http://localhost:3000/_next/static/chunks/node_modules_next_dist_115brz8._.js:2432
[  102742ms] [LOG] [Fast Refresh] rebuilding @ http://localhost:3000/_next/static/chunks/node_modules_next_dist_115brz8._.js:2432
[  102831ms] [LOG] [Fast Refresh] done in 19ms @ http://localhost:3000/_next/static/chunks/node_modules_next_dist_115brz8._.js:2432
[  102940ms] [ERROR] Failed to load resource: the server responded with a status of 404 (Not Found) @ http://localhost:3000/assistant?_rsc=60c5r:0
[  102952ms] [LOG] [Fast Refresh] rebuilding @ http://localhost:3000/_next/static/chunks/node_modules_next_dist_115brz8._.js:2432
[  102953ms] [LOG] [Fast Refresh] done in 107ms @ http://localhost:3000/_next/static/chunks/node_modules_next_dist_115brz8._.js:2432
[  103013ms] [ERROR] Failed to load resource: the server responded with a status of 404 (Not Found) @ http://localhost:3000/assistant?_rsc=60c5r:0
[  103107ms] [LOG] [Fast Refresh] rebuilding @ http://localhost:3000/_next/static/chunks/node_modules_next_dist_115brz8._.js:2432
[  103119ms] [LOG] [Fast Refresh] done in 125ms @ http://localhost:3000/_next/static/chunks/node_modules_next_dist_115brz8._.js:2432
[  103135ms] [LOG] {name: LCP, value: 84, rating: good, delta: 84, entries: Array(1)} @ http://localhost:3000/_next/static/chunks/node_modules_next_dist_115brz8._.js:2432
[  103135ms] [LOG] {name: CLS, value: 0, rating: good, delta: 0, entries: Array(0)} @ http://localhost:3000/_next/static/chunks/node_modules_next_dist_115brz8._.js:2432
[  103137ms] [ERROR] Failed to load resource: the server responded with a status of 404 (Not Found) @ http://localhost:3000/assistant:0
[  103214ms] [INFO] %cDownload the React DevTools for a better development experience: https://react.dev/link/react-devtools font-weight:bold @ http://localhost:3000/_next/static/chunks/node_modules_next_dist_115brz8._.js:2432
[  103227ms] [LOG] [HMR] connected @ http://localhost:3000/_next/static/chunks/node_modules_next_dist_115brz8._.js:2432
[  103244ms] [LOG] {name: FCP, value: 232, rating: good, delta: 232, entries: Array(1)} @ http://localhost:3000/_next/static/chunks/node_modules_next_dist_115brz8._.js:2432
[  103245ms] [LOG] {name: TTFB, value: 186.80000007152557, rating: good, delta: 186.80000007152557, entries: Array(1)} @ http://localhost:3000/_next/static/chunks/node_modules_next_dist_115brz8._.js:2432
[  113431ms] [LOG] [Fast Refresh] rebuilding @ http://localhost:3000/_next/static/chunks/node_modules_next_dist_115brz8._.js:2432
[  113545ms] [LOG] [Fast Refresh] done in 155ms @ http://localhost:3000/_next/static/chunks/node_modules_next_dist_115brz8._.js:2432
[  113629ms] [ERROR] Failed to load resource: the server responded with a status of 404 (Not Found) @ http://localhost:3000/assistant?_rsc=60c5r:0
[  113745ms] [LOG] [Fast Refresh] rebuilding @ http://localhost:3000/_next/static/chunks/node_modules_next_dist_115brz8._.js:2432
[  113764ms] [LOG] [Fast Refresh] done in 125ms @ http://localhost:3000/_next/static/chunks/node_modules_next_dist_115brz8._.js:2432
[  113772ms] [LOG] {name: LCP, value: 232, rating: good, delta: 232, entries: Array(1)} @ http://localhost:3000/_next/static/chunks/node_modules_next_dist_115brz8._.js:2432
[  113773ms] [LOG] {name: CLS, value: 0, rating: good, delta: 0, entries: Array(0)} @ http://localhost:3000/_next/static/chunks/node_modules_next_dist_115brz8._.js:2432
[  113773ms] [ERROR] Failed to load resource: the server responded with a status of 404 (Not Found) @ http://localhost:3000/assistant:0
[  113842ms] [INFO] %cDownload the React DevTools for a better development experience: https://react.dev/link/react-devtools font-weight:bold @ http://localhost:3000/_next/static/chunks/node_modules_next_dist_115brz8._.js:2432
[  113856ms] [LOG] [HMR] connected @ http://localhost:3000/_next/static/chunks/node_modules_next_dist_115brz8._.js:2432
[  113877ms] [LOG] {name: FCP, value: 172, rating: good, delta: 172, entries: Array(1)} @ http://localhost:3000/_next/static/chunks/node_modules_next_dist_115brz8._.js:2432
[  113877ms] [LOG] {name: TTFB, value: 137.10000002384186, rating: good, delta: 137.10000002384186, entries: Array(1)} @ http://localhost:3000/_next/static/chunks/node_modules_next_dist_115brz8._.js:2432
[  131901ms] [ERROR] WebSocket connection to 'ws://localhost:3000/_next/webpack-hmr?id=w-b_VK9CAKlNTcSTKrnuo' failed: Error in connection establishment: net::ERR_CONNECTION_REFUSED @ http://localhost:3000/_next/static/chunks/node_modules_next_dist_client_0fhqo1d._.js:13300
[  135244ms] [ERROR] WebSocket connection to 'ws://localhost:3000/_next/webpack-hmr?id=w-b_VK9CAKlNTcSTKrnuo' failed: Error in connection establishment: net::ERR_CONNECTION_REFUSED @ http://localhost:3000/_next/static/chunks/node_modules_next_dist_client_0fhqo1d._.js:13300
[  139667ms] [LOG] [HMR] connected @ http://localhost:3000/_next/static/chunks/node_modules_next_dist_115brz8._.js:2432
[  140112ms] [LOG] {name: LCP, value: 172, rating: good, delta: 172, entries: Array(1)} @ http://localhost:3000/_next/static/chunks/node_modules_next_dist_115brz8._.js:2432
[  140113ms] [LOG] {name: CLS, value: 0, rating: good, delta: 0, entries: Array(0)} @ http://localhost:3000/_next/static/chunks/node_modules_next_dist_115brz8._.js:2432
[  140113ms] [ERROR] Failed to load resource: the server responded with a status of 404 (Not Found) @ http://localhost:3000/assistant:0
[  140215ms] [INFO] %cDownload the React DevTools for a better development experience: https://react.dev/link/react-devtools font-weight:bold @ http://localhost:3000/_next/static/chunks/node_modules_next_dist_115brz8._.js:2432
[  140227ms] [LOG] [HMR] connected @ http://localhost:3000/_next/static/chunks/node_modules_next_dist_115brz8._.js:2432
[  140242ms] [LOG] {name: FCP, value: 476, rating: good, delta: 476, entries: Array(1)} @ http://localhost:3000/_next/static/chunks/node_modules_next_dist_115brz8._.js:2432
[  140243ms] [LOG] {name: TTFB, value: 439, rating: good, delta: 439, entries: Array(1)} @ http://localhost:3000/_next/static/chunks/node_modules_next_dist_115brz8._.js:2432
[  152823ms] [LOG] [Fast Refresh] rebuilding @ http://localhost:3000/_next/static/chunks/node_modules_next_dist_115brz8._.js:2432
[  152838ms] [LOG] [Fast Refresh] done in 127ms @ http://localhost:3000/_next/static/chunks/node_modules_next_dist_115brz8._.js:2432
