[      70ms] [LOG] {name: LCP, value: 1184, rating: good, delta: 1184, entries: Array(1)} @ http://localhost:3000/_next/static/chunks/node_modules_next_dist_115brz8._.js:2432
[      70ms] [LOG] {name: CLS, value: 0.016411378555798686, rating: good, delta: 0.016411378555798686, entries: Array(1)} @ http://localhost:3000/_next/static/chunks/node_modules_next_dist_115brz8._.js:2432
[      98ms] [VERBOSE] [DOM] Input elements should have autocomplete attributes (suggested: "current-password"): (More info: https://goo.gl/9p2vKq) %o @ http://localhost:3000/login?callbackUrl=%2Flocal-content:0
[     117ms] [INFO] %cDownload the React DevTools for a better development experience: https://react.dev/link/react-devtools font-weight:bold @ http://localhost:3000/_next/static/chunks/node_modules_next_dist_115brz8._.js:2432
[     132ms] [LOG] [HMR] connected @ http://localhost:3000/_next/static/chunks/node_modules_next_dist_115brz8._.js:2432
[     150ms] [LOG] {name: FCP, value: 112, rating: good, delta: 112, entries: Array(1)} @ http://localhost:3000/_next/static/chunks/node_modules_next_dist_115brz8._.js:2432
[     150ms] [LOG] {name: TTFB, value: 65.10000002384186, rating: good, delta: 65.10000002384186, entries: Array(1)} @ http://localhost:3000/_next/static/chunks/node_modules_next_dist_115brz8._.js:2432
[     174ms] [LOG] {name: LCP, value: 112, rating: good, delta: 112, entries: Array(1)} @ http://localhost:3000/_next/static/chunks/node_modules_next_dist_115brz8._.js:2432
[   13977ms] [LOG] {name: FID, value: 0.8000000715255737, rating: good, delta: 0.8000000715255737, entries: Array(1)} @ http://localhost:3000/_next/static/chunks/node_modules_next_dist_115brz8._.js:2432
[   14056ms] [LOG] [Fast Refresh] rebuilding @ http://localhost:3000/_next/static/chunks/node_modules_next_dist_115brz8._.js:2432
[   14107ms] [LOG] [Fast Refresh] done in 156ms @ http://localhost:3000/_next/static/chunks/node_modules_next_dist_115brz8._.js:2432
[   14225ms] [LOG] [Fast Refresh] rebuilding @ http://localhost:3000/_next/static/chunks/node_modules_next_dist_115brz8._.js:2432
[   14232ms] [LOG] [Fast Refresh] done in 107ms @ http://localhost:3000/_next/static/chunks/node_modules_next_dist_115brz8._.js:2432
[   14315ms] [LOG] {name: INP, value: 32, rating: good, delta: 32, entries: Array(1)} @ http://localhost:3000/_next/static/chunks/node_modules_next_dist_115brz8._.js:2432
[   14315ms] [LOG] {name: CLS, value: 0, rating: good, delta: 0, entries: Array(0)} @ http://localhost:3000/_next/static/chunks/node_modules_next_dist_115brz8._.js:2432
[   14315ms] [ERROR] Failed to load resource: the server responded with a status of 404 (Not Found) @ http://localhost:3000/local-content:0
[   14358ms] [INFO] %cDownload the React DevTools for a better development experience: https://react.dev/link/react-devtools font-weight:bold @ http://localhost:3000/_next/static/chunks/node_modules_next_dist_115brz8._.js:2432
[   14374ms] [LOG] [HMR] connected @ http://localhost:3000/_next/static/chunks/node_modules_next_dist_115brz8._.js:2432
[   14396ms] [LOG] {name: FCP, value: 84, rating: good, delta: 84, entries: Array(1)} @ http://localhost:3000/_next/static/chunks/node_modules_next_dist_115brz8._.js:2432
[   14396ms] [LOG] {name: TTFB, value: 51.09999990463257, rating: good, delta: 51.09999990463257, entries: Array(1)} @ http://localhost:3000/_next/static/chunks/node_modules_next_dist_115brz8._.js:2432
[   14494ms] [LOG] [Fast Refresh] rebuilding @ http://localhost:3000/_next/static/chunks/node_modules_next_dist_115brz8._.js:2432
[   14548ms] [LOG] [Fast Refresh] done in 158ms @ http://localhost:3000/_next/static/chunks/node_modules_next_dist_115brz8._.js:2432
