[   12064ms] [LOG] {name: LCP, value: 76, rating: good, delta: 76, entries: Array(1)} @ http://localhost:3000/_next/static/chunks/13ue_next_dist_11ns46.._.js:2432
[   12075ms] [LOG] {name: CLS, value: 0, rating: good, delta: 0, entries: Array(0)} @ http://localhost:3000/_next/static/chunks/13ue_next_dist_11ns46.._.js:2432
[   12100ms] [ERROR] Failed to load resource: the server responded with a status of 500 (Internal Server Error) @ http://localhost:3000/local-content:0
[   12434ms] [INFO] %cDownload the React DevTools for a better development experience: https://react.dev/link/react-devtools font-weight:bold @ http://localhost:3000/_next/static/chunks/node_modules_react-dom_0bruynb._.js:15306
[   12579ms] Error: ENOENT: no such file or directory, open 'C:\Users\PC\Documents\Aqliya\.next\dev\server\edge\chunks\node_modules_@sentry_core_build_esm_12e17st._.js'
    at readFileSync (node:fs:440:20)
    at evaluateInContext (file://C:\Users\PC\Documents\Aqliya\node_modules\next\dist\server\web\sandbox\context.js:442:50)
    at getRuntimeContext (file://C:\Users\PC\Documents\Aqliya\node_modules\next\dist\server\web\sandbox\sandbox.js:83:9)
    at async runWithTaggedErrors (file://C:\Users\PC\Documents\Aqliya\node_modules\next\dist\server\web\sandbox\sandbox.js:89:21)
    at async DevServer.runMiddleware (file://C:\Users\PC\Documents\Aqliya\node_modules\next\dist\server\next-server.js:1207:22)
    at async DevServer.runMiddleware (file://C:\Users\PC\Documents\Aqliya\node_modules\next\dist\server\dev\next-dev-server.js:278:28)
    at async NextNodeServer.handleCatchallMiddlewareRequest (file://C:\Users\PC\Documents\Aqliya\node_modules\next\dist\server\next-server.js:392:26)
    at async DevServer.handleRequestImpl (file://C:\Users\PC\Documents\Aqliya\node_modules\next\dist\server\base-server.js:940:28)
    at async (file://C:\Users\PC\Documents\Aqliya\node_modules\next\dist\server\dev\next-dev-server.js:394:20)
    at async Span.traceAsyncFn (file://C:\Users\PC\Documents\Aqliya\node_modules\next\dist\trace\trace.js:164:20)
    at async DevServer.handleRequest (file://C:\Users\PC\Documents\Aqliya\node_modules\next\dist\server\dev\next-dev-server.js:390:24)
    at async handleRoute (file://C:\Users\PC\Documents\Aqliya\node_modules\next\dist\server\lib\router-utils\resolve-routes.js:352:33)
    at async resolveRoutes (file://C:\Users\PC\Documents\Aqliya\node_modules\next\dist\server\lib\router-utils\resolve-routes.js:608:28)
    at async handleRequest (file://C:\Users\PC\Documents\Aqliya\node_modules\next\dist\server\lib\router-server.js:314:96)
    at async requestHandlerImpl (file://C:\Users\PC\Documents\Aqliya\node_modules\next\dist\server\lib\router-server.js:514:13)
    at async Server.requestListener (file://C:\Users\PC\Documents\Aqliya\node_modules\next\dist\server\lib\start-server.js:225:13)
[   12574ms] [LOG] [HMR] connected @ http://localhost:3000/_next/static/chunks/node_modules_next_dist_0u_w_5s._.js:1227
[   12611ms] [ERROR] Failed to load resource: the server responded with a status of 404 (Not Found) @ http://localhost:3000/favicon.ico:0
[   54760ms] [ERROR] WebSocket connection to 'ws://localhost:3000/_next/webpack-hmr' failed: Error in connection establishment: net::ERR_CONNECTION_REFUSED @ http://localhost:3000/_next/static/chunks/node_modules_next_dist_client_0pe1dg-._.js:2343
[   58170ms] [ERROR] WebSocket connection to 'ws://localhost:3000/_next/webpack-hmr' failed: Error in connection establishment: net::ERR_CONNECTION_REFUSED @ http://localhost:3000/_next/static/chunks/node_modules_next_dist_client_0pe1dg-._.js:2343
[   61505ms] [ERROR] WebSocket connection to 'ws://localhost:3000/_next/webpack-hmr' failed: Error in connection establishment: net::ERR_CONNECTION_REFUSED @ http://localhost:3000/_next/static/chunks/node_modules_next_dist_client_0pe1dg-._.js:2343
[   64822ms] [ERROR] WebSocket connection to 'ws://localhost:3000/_next/webpack-hmr' failed: Error in connection establishment: net::ERR_CONNECTION_REFUSED @ http://localhost:3000/_next/static/chunks/node_modules_next_dist_client_0pe1dg-._.js:2343
[   68161ms] [ERROR] WebSocket connection to 'ws://localhost:3000/_next/webpack-hmr' failed: Error in connection establishment: net::ERR_CONNECTION_REFUSED @ http://localhost:3000/_next/static/chunks/node_modules_next_dist_client_0pe1dg-._.js:2343
[   75480ms] [ERROR] WebSocket connection to 'ws://localhost:3000/_next/webpack-hmr' failed: Error in connection establishment: net::ERR_CONNECTION_REFUSED @ http://localhost:3000/_next/static/chunks/node_modules_next_dist_client_0pe1dg-._.js:2343
[   82820ms] [ERROR] WebSocket connection to 'ws://localhost:3000/_next/webpack-hmr' failed: Error in connection establishment: net::ERR_CONNECTION_REFUSED @ http://localhost:3000/_next/static/chunks/node_modules_next_dist_client_0pe1dg-._.js:2343
[   90184ms] [ERROR] WebSocket connection to 'ws://localhost:3000/_next/webpack-hmr' failed: Error in connection establishment: net::ERR_CONNECTION_REFUSED @ http://localhost:3000/_next/static/chunks/node_modules_next_dist_client_0pe1dg-._.js:2343
[   97536ms] [ERROR] WebSocket connection to 'ws://localhost:3000/_next/webpack-hmr' failed: Error in connection establishment: net::ERR_CONNECTION_REFUSED @ http://localhost:3000/_next/static/chunks/node_modules_next_dist_client_0pe1dg-._.js:2343
[  104854ms] [ERROR] WebSocket connection to 'ws://localhost:3000/_next/webpack-hmr' failed: Error in connection establishment: net::ERR_CONNECTION_REFUSED @ http://localhost:3000/_next/static/chunks/node_modules_next_dist_client_0pe1dg-._.js:2343
[  112205ms] [ERROR] WebSocket connection to 'ws://localhost:3000/_next/webpack-hmr' failed: Error in connection establishment: net::ERR_CONNECTION_REFUSED @ http://localhost:3000/_next/static/chunks/node_modules_next_dist_client_0pe1dg-._.js:2343
[  119559ms] [ERROR] WebSocket connection to 'ws://localhost:3000/_next/webpack-hmr' failed: Error in connection establishment: net::ERR_CONNECTION_REFUSED @ http://localhost:3000/_next/static/chunks/node_modules_next_dist_client_0pe1dg-._.js:2343
