[      54ms] [LOG] {name: LCP, value: 136, rating: good, delta: 136, entries: Array(1)} @ http://localhost:3000/_next/static/chunks/node_modules_next_dist_115brz8._.js:2432
[      54ms] [LOG] {name: CLS, value: 0, rating: good, delta: 0, entries: Array(0)} @ http://localhost:3000/_next/static/chunks/node_modules_next_dist_115brz8._.js:2432
[      77ms] [VERBOSE] [DOM] Input elements should have autocomplete attributes (suggested: "current-password"): (More info: https://goo.gl/9p2vKq) %o @ http://localhost:3000/login:0
[      99ms] [INFO] %cDownload the React DevTools for a better development experience: https://react.dev/link/react-devtools font-weight:bold @ http://localhost:3000/_next/static/chunks/node_modules_next_dist_115brz8._.js:2432
[     113ms] [LOG] [HMR] connected @ http://localhost:3000/_next/static/chunks/node_modules_next_dist_115brz8._.js:2432
[     135ms] [LOG] {name: FCP, value: 88, rating: good, delta: 88, entries: Array(1)} @ http://localhost:3000/_next/static/chunks/node_modules_next_dist_115brz8._.js:2432
[     135ms] [LOG] {name: TTFB, value: 46.799999952316284, rating: good, delta: 46.799999952316284, entries: Array(1)} @ http://localhost:3000/_next/static/chunks/node_modules_next_dist_115brz8._.js:2432
[     156ms] [LOG] {name: LCP, value: 88, rating: good, delta: 88, entries: Array(1)} @ http://localhost:3000/_next/static/chunks/node_modules_next_dist_115brz8._.js:2432
[   16342ms] [LOG] {name: FID, value: 0.5, rating: good, delta: 0.5, entries: Array(1)} @ http://localhost:3000/_next/static/chunks/node_modules_next_dist_115brz8._.js:2432
[   18442ms] [LOG] [Fast Refresh] rebuilding @ http://localhost:3000/_next/static/chunks/node_modules_next_dist_115brz8._.js:2432
[   18506ms] [LOG] [Fast Refresh] done in 178ms @ http://localhost:3000/_next/static/chunks/node_modules_next_dist_115brz8._.js:2432
[   32584ms] [LOG] [Fast Refresh] rebuilding @ http://localhost:3000/_next/static/chunks/node_modules_next_dist_115brz8._.js:2432
[   32650ms] [LOG] [Fast Refresh] done in 171ms @ http://localhost:3000/_next/static/chunks/node_modules_next_dist_115brz8._.js:2432
[   33052ms] [LOG] [Fast Refresh] rebuilding @ http://localhost:3000/_next/static/chunks/node_modules_next_dist_115brz8._.js:2432
[   33657ms] [LOG] [Fast Refresh] done in 708ms @ http://localhost:3000/_next/static/chunks/node_modules_next_dist_115brz8._.js:2432
[   33909ms] [LOG] [Fast Refresh] rebuilding @ http://localhost:3000/_next/static/chunks/node_modules_next_dist_115brz8._.js:2432
[   34493ms] [LOG] [Fast Refresh] done in 695ms @ http://localhost:3000/_next/static/chunks/node_modules_next_dist_115brz8._.js:2432
[   59138ms] [ERROR] WebSocket connection to 'ws://localhost:3000/_next/webpack-hmr?id=U8aHQr-a89hAxkrsrgL1F' failed: Error in connection establishment: net::ERR_CONNECTION_REFUSED @ http://localhost:3000/_next/static/chunks/node_modules_next_dist_client_0fhqo1d._.js:13300
[   62515ms] [ERROR] WebSocket connection to 'ws://localhost:3000/_next/webpack-hmr?id=U8aHQr-a89hAxkrsrgL1F' failed: Error in connection establishment: net::ERR_CONNECTION_REFUSED @ http://localhost:3000/_next/static/chunks/node_modules_next_dist_client_0fhqo1d._.js:13300
[   65859ms] [ERROR] WebSocket connection to 'ws://localhost:3000/_next/webpack-hmr?id=U8aHQr-a89hAxkrsrgL1F' failed: Error in connection establishment: net::ERR_CONNECTION_REFUSED @ http://localhost:3000/_next/static/chunks/node_modules_next_dist_client_0fhqo1d._.js:13300
[   69212ms] [ERROR] WebSocket connection to 'ws://localhost:3000/_next/webpack-hmr?id=U8aHQr-a89hAxkrsrgL1F' failed: Error in connection establishment: net::ERR_CONNECTION_REFUSED @ http://localhost:3000/_next/static/chunks/node_modules_next_dist_client_0fhqo1d._.js:13300
[   72552ms] [ERROR] WebSocket connection to 'ws://localhost:3000/_next/webpack-hmr?id=U8aHQr-a89hAxkrsrgL1F' failed: Error in connection establishment: net::ERR_CONNECTION_REFUSED @ http://localhost:3000/_next/static/chunks/node_modules_next_dist_client_0fhqo1d._.js:13300
[   79887ms] [ERROR] WebSocket connection to 'ws://localhost:3000/_next/webpack-hmr?id=U8aHQr-a89hAxkrsrgL1F' failed: Error in connection establishment: net::ERR_CONNECTION_REFUSED @ http://localhost:3000/_next/static/chunks/node_modules_next_dist_client_0fhqo1d._.js:13300
[   87228ms] [ERROR] WebSocket connection to 'ws://localhost:3000/_next/webpack-hmr?id=U8aHQr-a89hAxkrsrgL1F' failed: Error in connection establishment: net::ERR_CONNECTION_REFUSED @ http://localhost:3000/_next/static/chunks/node_modules_next_dist_client_0fhqo1d._.js:13300
[   94567ms] [ERROR] WebSocket connection to 'ws://localhost:3000/_next/webpack-hmr?id=U8aHQr-a89hAxkrsrgL1F' failed: Error in connection establishment: net::ERR_CONNECTION_REFUSED @ http://localhost:3000/_next/static/chunks/node_modules_next_dist_client_0fhqo1d._.js:13300
[  101910ms] [ERROR] WebSocket connection to 'ws://localhost:3000/_next/webpack-hmr?id=U8aHQr-a89hAxkrsrgL1F' failed: Error in connection establishment: net::ERR_CONNECTION_REFUSED @ http://localhost:3000/_next/static/chunks/node_modules_next_dist_client_0fhqo1d._.js:13300
[  109261ms] [ERROR] WebSocket connection to 'ws://localhost:3000/_next/webpack-hmr?id=U8aHQr-a89hAxkrsrgL1F' failed: Error in connection establishment: net::ERR_CONNECTION_REFUSED @ http://localhost:3000/_next/static/chunks/node_modules_next_dist_client_0fhqo1d._.js:13300
[  116605ms] [ERROR] WebSocket connection to 'ws://localhost:3000/_next/webpack-hmr?id=U8aHQr-a89hAxkrsrgL1F' failed: Error in connection establishment: net::ERR_CONNECTION_REFUSED @ http://localhost:3000/_next/static/chunks/node_modules_next_dist_client_0fhqo1d._.js:13300
[  123940ms] [ERROR] WebSocket connection to 'ws://localhost:3000/_next/webpack-hmr?id=U8aHQr-a89hAxkrsrgL1F' failed: Error in connection establishment: net::ERR_CONNECTION_REFUSED @ http://localhost:3000/_next/static/chunks/node_modules_next_dist_client_0fhqo1d._.js:13300
