[  171114ms] [VERBOSE] [DOM] Input elements should have autocomplete attributes (suggested: "current-password"): (More info: https://goo.gl/9p2vKq) %o @ http://localhost:3000/login:0
[  171203ms] [INFO] %cDownload the React DevTools for a better development experience: https://react.dev/link/react-devtools font-weight:bold @ http://localhost:3000/_next/static/chunks/node_modules_next_dist_115brz8._.js:2432
[  171236ms] [LOG] [HMR] connected @ http://localhost:3000/_next/static/chunks/node_modules_next_dist_115brz8._.js:2432
[  171275ms] [LOG] {name: FCP, value: 2004, rating: needs-improvement, delta: 2004, entries: Array(1)} @ http://localhost:3000/_next/static/chunks/node_modules_next_dist_115brz8._.js:2432
[  171276ms] [LOG] {name: TTFB, value: 1929.1000000238419, rating: poor, delta: 1929.1000000238419, entries: Array(1)} @ http://localhost:3000/_next/static/chunks/node_modules_next_dist_115brz8._.js:2432
[  201054ms] [ERROR] WebSocket connection to 'ws://localhost:3000/_next/webpack-hmr?id=8JnRMbfauGpFhpZZR1UkD' failed: Error in connection establishment: net::ERR_CONNECTION_REFUSED @ http://localhost:3000/_next/static/chunks/node_modules_next_dist_client_0fhqo1d._.js:13300
[  204401ms] [ERROR] WebSocket connection to 'ws://localhost:3000/_next/webpack-hmr?id=8JnRMbfauGpFhpZZR1UkD' failed: Error in connection establishment: net::ERR_CONNECTION_REFUSED @ http://localhost:3000/_next/static/chunks/node_modules_next_dist_client_0fhqo1d._.js:13300
[  207762ms] [ERROR] WebSocket connection to 'ws://localhost:3000/_next/webpack-hmr?id=8JnRMbfauGpFhpZZR1UkD' failed: Error in connection establishment: net::ERR_CONNECTION_REFUSED @ http://localhost:3000/_next/static/chunks/node_modules_next_dist_client_0fhqo1d._.js:13300
[  211120ms] [ERROR] WebSocket connection to 'ws://localhost:3000/_next/webpack-hmr?id=8JnRMbfauGpFhpZZR1UkD' failed: Error in connection establishment: net::ERR_CONNECTION_REFUSED @ http://localhost:3000/_next/static/chunks/node_modules_next_dist_client_0fhqo1d._.js:13300
[  214458ms] [ERROR] WebSocket connection to 'ws://localhost:3000/_next/webpack-hmr?id=8JnRMbfauGpFhpZZR1UkD' failed: Error in connection establishment: net::ERR_CONNECTION_REFUSED @ http://localhost:3000/_next/static/chunks/node_modules_next_dist_client_0fhqo1d._.js:13300
[  221803ms] [ERROR] WebSocket connection to 'ws://localhost:3000/_next/webpack-hmr?id=8JnRMbfauGpFhpZZR1UkD' failed: Error in connection establishment: net::ERR_CONNECTION_REFUSED @ http://localhost:3000/_next/static/chunks/node_modules_next_dist_client_0fhqo1d._.js:13300
[  229171ms] [ERROR] WebSocket connection to 'ws://localhost:3000/_next/webpack-hmr?id=8JnRMbfauGpFhpZZR1UkD' failed: Error in connection establishment: net::ERR_CONNECTION_REFUSED @ http://localhost:3000/_next/static/chunks/node_modules_next_dist_client_0fhqo1d._.js:13300
[  236537ms] [ERROR] WebSocket connection to 'ws://localhost:3000/_next/webpack-hmr?id=8JnRMbfauGpFhpZZR1UkD' failed: Error in connection establishment: net::ERR_CONNECTION_REFUSED @ http://localhost:3000/_next/static/chunks/node_modules_next_dist_client_0fhqo1d._.js:13300
[  241552ms] [LOG] [HMR] connected @ http://localhost:3000/_next/static/chunks/node_modules_next_dist_115brz8._.js:2432
[  241981ms] [LOG] {name: LCP, value: 2004, rating: good, delta: 2004, entries: Array(1)} @ http://localhost:3000/_next/static/chunks/node_modules_next_dist_115brz8._.js:2432
[  241982ms] [LOG] {name: CLS, value: 0, rating: good, delta: 0, entries: Array(0)} @ http://localhost:3000/_next/static/chunks/node_modules_next_dist_115brz8._.js:2432
[  242029ms] [VERBOSE] [DOM] Input elements should have autocomplete attributes (suggested: "current-password"): (More info: https://goo.gl/9p2vKq) %o @ http://localhost:3000/login:0
[  242050ms] [INFO] %cDownload the React DevTools for a better development experience: https://react.dev/link/react-devtools font-weight:bold @ http://localhost:3000/_next/static/chunks/node_modules_next_dist_115brz8._.js:2432
[  242099ms] [LOG] [HMR] connected @ http://localhost:3000/_next/static/chunks/node_modules_next_dist_115brz8._.js:2432
[  242124ms] [LOG] {name: FCP, value: 480, rating: good, delta: 480, entries: Array(1)} @ http://localhost:3000/_next/static/chunks/node_modules_next_dist_115brz8._.js:2432
[  242125ms] [LOG] {name: TTFB, value: 421, rating: good, delta: 421, entries: Array(1)} @ http://localhost:3000/_next/static/chunks/node_modules_next_dist_115brz8._.js:2432
[  258116ms] [LOG] [Fast Refresh] rebuilding @ http://localhost:3000/_next/static/chunks/node_modules_next_dist_115brz8._.js:2432
[  258798ms] [LOG] [Fast Refresh] done in 796ms @ http://localhost:3000/_next/static/chunks/node_modules_next_dist_115brz8._.js:2432
[  269761ms] [LOG] [Fast Refresh] rebuilding @ http://localhost:3000/_next/static/chunks/node_modules_next_dist_115brz8._.js:2432
[  269778ms] [LOG] [Fast Refresh] done in 131ms @ http://localhost:3000/_next/static/chunks/node_modules_next_dist_115brz8._.js:2432
[  275437ms] [LOG] {name: LCP, value: 480, rating: good, delta: 480, entries: Array(1)} @ http://localhost:3000/_next/static/chunks/node_modules_next_dist_115brz8._.js:2432
[  281726ms] [LOG] {name: FID, value: 0.8000000715255737, rating: good, delta: 0.8000000715255737, entries: Array(1)} @ http://localhost:3000/_next/static/chunks/node_modules_next_dist_115brz8._.js:2432
[  281794ms] [LOG] [Fast Refresh] rebuilding @ http://localhost:3000/_next/static/chunks/node_modules_next_dist_115brz8._.js:2432
[  281812ms] [LOG] [Fast Refresh] done in 119ms @ http://localhost:3000/_next/static/chunks/node_modules_next_dist_115brz8._.js:2432
[  281928ms] [LOG] [Fast Refresh] rebuilding @ http://localhost:3000/_next/static/chunks/node_modules_next_dist_115brz8._.js:2432
[  281933ms] [LOG] [Fast Refresh] done in 119ms @ http://localhost:3000/_next/static/chunks/node_modules_next_dist_115brz8._.js:2432
[  282060ms] [LOG] [Fast Refresh] rebuilding @ http://localhost:3000/_next/static/chunks/node_modules_next_dist_115brz8._.js:2432
[  282088ms] [LOG] [Fast Refresh] done in 141ms @ http://localhost:3000/_next/static/chunks/node_modules_next_dist_115brz8._.js:2432
[  282096ms] [LOG] {name: INP, value: 48, rating: good, delta: 48, entries: Array(2)} @ http://localhost:3000/_next/static/chunks/node_modules_next_dist_115brz8._.js:2432
[  282096ms] [LOG] {name: CLS, value: 0, rating: good, delta: 0, entries: Array(0)} @ http://localhost:3000/_next/static/chunks/node_modules_next_dist_115brz8._.js:2432
[  282178ms] [INFO] %cDownload the React DevTools for a better development experience: https://react.dev/link/react-devtools font-weight:bold @ http://localhost:3000/_next/static/chunks/node_modules_next_dist_115brz8._.js:2432
[  282208ms] [LOG] [HMR] connected @ http://localhost:3000/_next/static/chunks/node_modules_next_dist_115brz8._.js:2432
[  282253ms] [LOG] {name: FCP, value: 216, rating: good, delta: 216, entries: Array(1)} @ http://localhost:3000/_next/static/chunks/node_modules_next_dist_115brz8._.js:2432
[  282253ms] [LOG] {name: TTFB, value: 131.29999995231628, rating: good, delta: 131.29999995231628, entries: Array(1)} @ http://localhost:3000/_next/static/chunks/node_modules_next_dist_115brz8._.js:2432
