[     108ms] [VERBOSE] [DOM] Input elements should have autocomplete attributes (suggested: "current-password"): (More info: https://goo.gl/9p2vKq) %o @ http://localhost:3000/login:0
[     138ms] [INFO] %cDownload the React DevTools for a better development experience: https://react.dev/link/react-devtools font-weight:bold @ http://localhost:3000/_next/static/chunks/node_modules_next_dist_115brz8._.js:2432
[     163ms] [LOG] [HMR] connected @ http://localhost:3000/_next/static/chunks/node_modules_next_dist_115brz8._.js:2432
[     213ms] [LOG] {name: TTFB, value: 54.199999928474426, rating: good, delta: 54.199999928474426, entries: Array(1)} @ http://localhost:3000/_next/static/chunks/node_modules_next_dist_115brz8._.js:2432
[    1053ms] [LOG] {name: FCP, value: 1004, rating: good, delta: 1004, entries: Array(1)} @ http://localhost:3000/_next/static/chunks/node_modules_next_dist_115brz8._.js:2432
[   11284ms] [LOG] {name: LCP, value: 1004, rating: good, delta: 1004, entries: Array(1)} @ http://localhost:3000/_next/static/chunks/node_modules_next_dist_115brz8._.js:2432
[   11317ms] [LOG] {name: FID, value: 0.7000000476837158, rating: good, delta: 0.7000000476837158, entries: Array(1)} @ http://localhost:3000/_next/static/chunks/node_modules_next_dist_115brz8._.js:2432
[   13427ms] [LOG] [Fast Refresh] rebuilding @ http://localhost:3000/_next/static/chunks/node_modules_next_dist_115brz8._.js:2432
[   13522ms] [LOG] [Fast Refresh] done in 204ms @ http://localhost:3000/_next/static/chunks/node_modules_next_dist_115brz8._.js:2432
[   23296ms] [LOG] [Fast Refresh] rebuilding @ http://localhost:3000/_next/static/chunks/node_modules_next_dist_115brz8._.js:2432
[   23374ms] [LOG] [Fast Refresh] done in 179ms @ http://localhost:3000/_next/static/chunks/node_modules_next_dist_115brz8._.js:2432
[   40044ms] [LOG] [Fast Refresh] rebuilding @ http://localhost:3000/_next/static/chunks/node_modules_next_dist_115brz8._.js:2432
[   40085ms] [LOG] [Fast Refresh] done in 154ms @ http://localhost:3000/_next/static/chunks/node_modules_next_dist_115brz8._.js:2432
[   40196ms] [LOG] [Fast Refresh] rebuilding @ http://localhost:3000/_next/static/chunks/node_modules_next_dist_115brz8._.js:2432
[   40211ms] [LOG] [Fast Refresh] done in 125ms @ http://localhost:3000/_next/static/chunks/node_modules_next_dist_115brz8._.js:2432
[   40329ms] [LOG] [Fast Refresh] rebuilding @ http://localhost:3000/_next/static/chunks/node_modules_next_dist_115brz8._.js:2432
[   40378ms] [LOG] [Fast Refresh] done in 163ms @ http://localhost:3000/_next/static/chunks/node_modules_next_dist_115brz8._.js:2432
[   40385ms] [LOG] {name: INP, value: 32, rating: good, delta: 32, entries: Array(1)} @ http://localhost:3000/_next/static/chunks/node_modules_next_dist_115brz8._.js:2432
[   40386ms] [LOG] {name: CLS, value: 0, rating: good, delta: 0, entries: Array(0)} @ http://localhost:3000/_next/static/chunks/node_modules_next_dist_115brz8._.js:2432
[   40484ms] [INFO] %cDownload the React DevTools for a better development experience: https://react.dev/link/react-devtools font-weight:bold @ http://localhost:3000/_next/static/chunks/node_modules_next_dist_115brz8._.js:2432
[   40508ms] [LOG] [HMR] connected @ http://localhost:3000/_next/static/chunks/node_modules_next_dist_115brz8._.js:2432
[   40557ms] [LOG] {name: FCP, value: 256, rating: good, delta: 256, entries: Array(1)} @ http://localhost:3000/_next/static/chunks/node_modules_next_dist_115brz8._.js:2432
[   40557ms] [LOG] {name: TTFB, value: 140.79999995231628, rating: good, delta: 140.79999995231628, entries: Array(1)} @ http://localhost:3000/_next/static/chunks/node_modules_next_dist_115brz8._.js:2432
