[      84ms] [ERROR] Failed to load resource: the server responded with a status of 404 (Not Found) @ http://localhost:3000/local-content:0
[     242ms] [INFO] %cDownload the React DevTools for a better development experience: https://react.dev/link/react-devtools font-weight:bold @ http://localhost:3000/_next/static/chunks/13ue_next_dist_11ns46.._.js:2432
[     316ms] [ERROR] Failed to load resource: the server responded with a status of 404 (Not Found) @ http://localhost:3000/manifest.webmanifest:0
[     316ms] [ERROR] Manifest fetch from http://localhost:3000/manifest.webmanifest failed, code 404 @ http://localhost:3000/local-content:0
[     327ms] [LOG] [HMR] connected @ http://localhost:3000/_next/static/chunks/13ue_next_dist_11ns46.._.js:2432
[     399ms] [ERROR] Failed to load resource: the server responded with a status of 404 (Not Found) @ http://localhost:3000/manifest.webmanifest:0
[     418ms] [LOG] {name: FCP, value: 156, rating: good, delta: 156, entries: Array(1)} @ http://localhost:3000/_next/static/chunks/13ue_next_dist_11ns46.._.js:2432
[     418ms] [LOG] {name: TTFB, value: 66.60000002384186, rating: good, delta: 66.60000002384186, entries: Array(1)} @ http://localhost:3000/_next/static/chunks/13ue_next_dist_11ns46.._.js:2432
[     447ms] [ERROR] Failed to load resource: the server responded with a status of 404 (Not Found) @ http://localhost:3000/brand/Favicons/symbol%20(1).svg:0
[     448ms] [ERROR] Manifest fetch from http://localhost:3000/manifest.webmanifest failed, code 404 @ http://localhost:3000/local-content:0
[   92996ms] [ERROR] WebSocket connection to 'ws://localhost:3000/_next/webpack-hmr?id=3OVi7liWVquFYOIOC5Jbz' failed: Error in connection establishment: net::ERR_CONNECTION_REFUSED @ http://localhost:3000/_next/static/chunks/13ue_next_dist_client_0~tvx91._.js:13300
[   96341ms] [ERROR] WebSocket connection to 'ws://localhost:3000/_next/webpack-hmr?id=3OVi7liWVquFYOIOC5Jbz' failed: Error in connection establishment: net::ERR_CONNECTION_REFUSED @ http://localhost:3000/_next/static/chunks/13ue_next_dist_client_0~tvx91._.js:13300
[   99668ms] [ERROR] WebSocket connection to 'ws://localhost:3000/_next/webpack-hmr?id=3OVi7liWVquFYOIOC5Jbz' failed: Error in connection establishment: net::ERR_CONNECTION_REFUSED @ http://localhost:3000/_next/static/chunks/13ue_next_dist_client_0~tvx91._.js:13300
[  103015ms] [ERROR] WebSocket connection to 'ws://localhost:3000/_next/webpack-hmr?id=3OVi7liWVquFYOIOC5Jbz' failed: Error in connection establishment: net::ERR_CONNECTION_REFUSED @ http://localhost:3000/_next/static/chunks/13ue_next_dist_client_0~tvx91._.js:13300
[  106374ms] [ERROR] WebSocket connection to 'ws://localhost:3000/_next/webpack-hmr?id=3OVi7liWVquFYOIOC5Jbz' failed: Error in connection establishment: net::ERR_CONNECTION_REFUSED @ http://localhost:3000/_next/static/chunks/13ue_next_dist_client_0~tvx91._.js:13300
[  113243ms] [LOG] [HMR] connected @ http://localhost:3000/_next/static/chunks/13ue_next_dist_11ns46.._.js:2432
[  115565ms] [LOG] {name: LCP, value: 156, rating: good, delta: 156, entries: Array(1)} @ http://localhost:3000/_next/static/chunks/13ue_next_dist_11ns46.._.js:2432
[  115565ms] [LOG] {name: CLS, value: 0.0026925651821858333, rating: good, delta: 0.0026925651821858333, entries: Array(1)} @ http://localhost:3000/_next/static/chunks/13ue_next_dist_11ns46.._.js:2432
[  115566ms] [ERROR] Failed to load resource: the server responded with a status of 404 (Not Found) @ http://localhost:3000/local-content:0
[  115646ms] [ERROR] Failed to load resource: the server responded with a status of 404 (Not Found) @ http://localhost:3000/manifest.webmanifest:0
[  115661ms] [ERROR] Manifest fetch from http://localhost:3000/manifest.webmanifest failed, code 404 @ http://localhost:3000/local-content:0
[  115696ms] [INFO] %cDownload the React DevTools for a better development experience: https://react.dev/link/react-devtools font-weight:bold @ http://localhost:3000/_next/static/chunks/13ue_next_dist_11ns46.._.js:2432
[  115713ms] [LOG] [HMR] connected @ http://localhost:3000/_next/static/chunks/13ue_next_dist_11ns46.._.js:2432
[  115737ms] [LOG] {name: FCP, value: 2376, rating: needs-improvement, delta: 2376, entries: Array(1)} @ http://localhost:3000/_next/static/chunks/13ue_next_dist_11ns46.._.js:2432
[  115737ms] [LOG] {name: TTFB, value: 2316.600000023842, rating: poor, delta: 2316.600000023842, entries: Array(1)} @ http://localhost:3000/_next/static/chunks/13ue_next_dist_11ns46.._.js:2432
[  115791ms] [ERROR] Failed to load resource: the server responded with a status of 404 (Not Found) @ http://localhost:3000/manifest.webmanifest:0
[  115795ms] [ERROR] Manifest fetch from http://localhost:3000/manifest.webmanifest failed, code 404 @ http://localhost:3000/local-content:0
